[1619386834] Nagios 4.4.6 starting... (PID=474)
[1619386834] Local time is Sun Apr 25 21:40:34 UTC 2021
[1619386834] LOG VERSION: 2.0
[1619386834] qh: Socket '/var/spool/nagios/cmd/nagios.qh' successfully initialized
[1619386834] qh: core query handler registered
[1619386834] qh: echo service query handler registered
[1619386834] qh: help for the query handler registered
[1619386834] wproc: Successfully registered manager as @wproc with query handler
[1619386834] wproc: Registry request: name=Core Worker 475;pid=475
[1619386834] wproc: Registry request: name=Core Worker 476;pid=476
[1619386834] wproc: Registry request: name=Core Worker 478;pid=478
[1619386834] wproc: Registry request: name=Core Worker 477;pid=477
[1619386834] wproc: Registry request: name=Core Worker 479;pid=479
[1619386834] wproc: Registry request: name=Core Worker 480;pid=480
[1619386834] wproc: Registry request: name=Core Worker 483;pid=483
[1619386834] wproc: Registry request: name=Core Worker 486;pid=486
[1619386834] wproc: Registry request: name=Core Worker 484;pid=484
[1619386834] wproc: Registry request: name=Core Worker 481;pid=481
[1619386834] wproc: Registry request: name=Core Worker 482;pid=482
[1619386834] wproc: Registry request: name=Core Worker 485;pid=485
[1619386834] livestatus: fl_socket_path=[/usr/lib64/nagios/rw/live], fl_mkeventd_socket_path=[/usr/lib64/nagios/rw/mkeventd/status]
[1619386834] livestatus: Livestatus 1.4.0p31 by Mathias Kettner. Socket: '/usr/lib64/nagios/rw/live'
[1619386834] livestatus: Please visit us at http://mathias-kettner.de/
[1619386834] livestatus: Hint: Please try out OMD - the Open Monitoring Distribution
[1619386834] livestatus: Please visit OMD at http://omdistro.org
[1619386834] livestatus: opened UNIX socket at /usr/lib64/nagios/rw/live
[1619386834] livestatus: your event_broker_options are sufficient for livestatus..
[1619386834] livestatus: finished initialization, further log messages go to /var/log/nagios/livestatus.log
[1619386834] Event broker module '/usr/lib64/check_mk/livestatus.o' initialized successfully.
[1619386837] Successfully launched command file worker with pid 487
[1619386837] livestatus: TIMEPERIOD TRANSITION: 24x7;-1;1
[1619386837] livestatus: TIMEPERIOD TRANSITION: 24x7_sans_holidays;-1;1
[1619386837] livestatus: TIMEPERIOD TRANSITION: none;-1;0
[1619386837] livestatus: TIMEPERIOD TRANSITION: us-holidays;-1;0
[1619386837] livestatus: TIMEPERIOD TRANSITION: workhours;-1;0
[1619386837] livestatus: starting main thread and 10 client threads
[1619386837] livestatus: default stack size is 8388608
[1619386837] livestatus: setting thread stack size to 1048576
[1619386984] Nagios 4.4.6 starting... (PID=509)
[1619386984] Local time is Sun Apr 25 21:43:04 UTC 2021
[1619386984] LOG VERSION: 2.0
[1619386984] qh: Socket '/var/spool/nagios/cmd/nagios.qh' successfully initialized
[1619386984] qh: core query handler registered
[1619386984] qh: echo service query handler registered
[1619386984] qh: help for the query handler registered
[1619386984] wproc: Successfully registered manager as @wproc with query handler
[1619386984] wproc: Registry request: name=Core Worker 510;pid=510
[1619386984] wproc: Registry request: name=Core Worker 511;pid=511
[1619386984] wproc: Registry request: name=Core Worker 512;pid=512
[1619386984] wproc: Registry request: name=Core Worker 513;pid=513
[1619386984] wproc: Registry request: name=Core Worker 514;pid=514
[1619386984] wproc: Registry request: name=Core Worker 515;pid=515
[1619386984] wproc: Registry request: name=Core Worker 519;pid=519
[1619386984] wproc: Registry request: name=Core Worker 521;pid=521
[1619386984] wproc: Registry request: name=Core Worker 516;pid=516
[1619386984] wproc: Registry request: name=Core Worker 517;pid=517
[1619386984] wproc: Registry request: name=Core Worker 518;pid=518
[1619386984] wproc: Registry request: name=Core Worker 520;pid=520
[1619386984] livestatus: fl_socket_path=[/usr/lib64/nagios/rw/live], fl_mkeventd_socket_path=[/usr/lib64/nagios/rw/mkeventd/status]
[1619386984] livestatus: Livestatus 1.4.0p31 by Mathias Kettner. Socket: '/usr/lib64/nagios/rw/live'
[1619386984] livestatus: Please visit us at http://mathias-kettner.de/
[1619386984] livestatus: Hint: Please try out OMD - the Open Monitoring Distribution
[1619386984] livestatus: Please visit OMD at http://omdistro.org
[1619386984] livestatus: removed old socket file /usr/lib64/nagios/rw/live
[1619386984] livestatus: opened UNIX socket at /usr/lib64/nagios/rw/live
[1619386984] livestatus: your event_broker_options are sufficient for livestatus..
[1619386984] livestatus: finished initialization, further log messages go to /var/log/nagios/livestatus.log
[1619386984] Event broker module '/usr/lib64/check_mk/livestatus.o' initialized successfully.
[1619386984] Successfully launched command file worker with pid 522
[1619386984] livestatus: TIMEPERIOD TRANSITION: 24x7;-1;1
[1619386984] livestatus: TIMEPERIOD TRANSITION: 24x7_sans_holidays;-1;1
[1619386984] livestatus: TIMEPERIOD TRANSITION: none;-1;0
[1619386984] livestatus: TIMEPERIOD TRANSITION: us-holidays;-1;0
[1619386984] livestatus: TIMEPERIOD TRANSITION: workhours;-1;0
[1619386984] livestatus: starting main thread and 10 client threads
[1619386984] livestatus: default stack size is 8388608
[1619386984] livestatus: setting thread stack size to 1048576
[1619387755] Nagios 4.4.6 starting... (PID=797)
[1619387755] Local time is Sun Apr 25 21:55:55 UTC 2021
[1619387755] LOG VERSION: 2.0
[1619387755] qh: Socket '/var/spool/nagios/cmd/nagios.qh' successfully initialized
[1619387755] qh: core query handler registered
[1619387755] qh: echo service query handler registered
[1619387755] qh: help for the query handler registered
[1619387755] wproc: Successfully registered manager as @wproc with query handler
[1619387755] wproc: Registry request: name=Core Worker 798;pid=798
[1619387755] wproc: Registry request: name=Core Worker 799;pid=799
[1619387755] wproc: Registry request: name=Core Worker 800;pid=800
[1619387755] wproc: Registry request: name=Core Worker 801;pid=801
[1619387755] wproc: Registry request: name=Core Worker 802;pid=802
[1619387755] wproc: Registry request: name=Core Worker 803;pid=803
[1619387755] wproc: Registry request: name=Core Worker 804;pid=804
[1619387755] wproc: Registry request: name=Core Worker 806;pid=806
[1619387755] wproc: Registry request: name=Core Worker 809;pid=809
[1619387755] wproc: Registry request: name=Core Worker 808;pid=808
[1619387755] wproc: Registry request: name=Core Worker 805;pid=805
[1619387755] wproc: Registry request: name=Core Worker 807;pid=807
[1619387755] mod_gearman: initialized version 3.3.3 (libgearman 0.33)
[1619387755] Event broker module '/usr/lib64/mod_gearman/mod_gearman_nagios4.o' initialized successfully.
[1619387755] livestatus: fl_socket_path=[/usr/lib64/nagios/rw/live], fl_mkeventd_socket_path=[/usr/lib64/nagios/rw/mkeventd/status]
[1619387755] livestatus: Livestatus 1.4.0p31 by Mathias Kettner. Socket: '/usr/lib64/nagios/rw/live'
[1619387755] livestatus: Please visit us at http://mathias-kettner.de/
[1619387755] livestatus: Hint: Please try out OMD - the Open Monitoring Distribution
[1619387755] livestatus: Please visit OMD at http://omdistro.org
[1619387755] livestatus: removed old socket file /usr/lib64/nagios/rw/live
[1619387755] livestatus: opened UNIX socket at /usr/lib64/nagios/rw/live
[1619387755] livestatus: your event_broker_options are sufficient for livestatus..
[1619387755] livestatus: finished initialization, further log messages go to /var/log/nagios/livestatus.log
[1619387755] Event broker module '/usr/lib64/check_mk/livestatus.o' initialized successfully.
[1619387761] Successfully launched command file worker with pid 810
[1619387761] livestatus: TIMEPERIOD TRANSITION: 24x7;-1;1
[1619387761] livestatus: TIMEPERIOD TRANSITION: 24x7_sans_holidays;-1;1
[1619387761] livestatus: TIMEPERIOD TRANSITION: none;-1;0
[1619387761] livestatus: TIMEPERIOD TRANSITION: us-holidays;-1;0
[1619387761] livestatus: TIMEPERIOD TRANSITION: workhours;-1;0
[1619387761] livestatus: starting main thread and 10 client threads
[1619387761] livestatus: default stack size is 8388608
[1619387761] livestatus: setting thread stack size to 1048576
[1619389888] Nagios 4.4.6 starting... (PID=912)
[1619389888] Local time is Sun Apr 25 22:31:28 UTC 2021
[1619389888] LOG VERSION: 2.0
[1619389888] qh: Socket '/var/spool/nagios/cmd/nagios.qh' successfully initialized
[1619389888] qh: core query handler registered
[1619389888] qh: echo service query handler registered
[1619389888] qh: help for the query handler registered
[1619389888] wproc: Successfully registered manager as @wproc with query handler
[1619389888] wproc: Registry request: name=Core Worker 913;pid=913
[1619389888] wproc: Registry request: name=Core Worker 914;pid=914
[1619389888] wproc: Registry request: name=Core Worker 916;pid=916
[1619389888] wproc: Registry request: name=Core Worker 915;pid=915
[1619389888] wproc: Registry request: name=Core Worker 917;pid=917
[1619389888] wproc: Registry request: name=Core Worker 924;pid=924
[1619389888] wproc: Registry request: name=Core Worker 918;pid=918
[1619389888] wproc: Registry request: name=Core Worker 923;pid=923
[1619389888] wproc: Registry request: name=Core Worker 921;pid=921
[1619389888] wproc: Registry request: name=Core Worker 920;pid=920
[1619389888] wproc: Registry request: name=Core Worker 922;pid=922
[1619389888] wproc: Registry request: name=Core Worker 919;pid=919
[1619389888] mod_gearman: initialized version 3.3.3 (libgearman 0.33)
[1619389888] Event broker module '/usr/lib64/mod_gearman/mod_gearman_nagios4.o' initialized successfully.
[1619389888] livestatus: fl_socket_path=[/usr/lib64/nagios/rw/live], fl_mkeventd_socket_path=[/usr/lib64/nagios/rw/mkeventd/status]
[1619389888] livestatus: Livestatus 1.4.0p31 by Mathias Kettner. Socket: '/usr/lib64/nagios/rw/live'
[1619389888] livestatus: Please visit us at http://mathias-kettner.de/
[1619389888] livestatus: Hint: Please try out OMD - the Open Monitoring Distribution
[1619389888] livestatus: Please visit OMD at http://omdistro.org
[1619389888] livestatus: removed old socket file /usr/lib64/nagios/rw/live
[1619389888] livestatus: opened UNIX socket at /usr/lib64/nagios/rw/live
[1619389888] livestatus: your event_broker_options are sufficient for livestatus..
[1619389888] livestatus: finished initialization, further log messages go to /var/log/nagios/livestatus.log
[1619389888] Event broker module '/usr/lib64/check_mk/livestatus.o' initialized successfully.
[1619389899] Successfully launched command file worker with pid 926
[1619389899] livestatus: TIMEPERIOD TRANSITION: 24x7;-1;1
[1619389899] livestatus: TIMEPERIOD TRANSITION: 24x7_sans_holidays;-1;1
[1619389899] livestatus: TIMEPERIOD TRANSITION: none;-1;0
[1619389899] livestatus: TIMEPERIOD TRANSITION: us-holidays;-1;0
[1619389899] livestatus: TIMEPERIOD TRANSITION: workhours;-1;0
[1619389899] livestatus: starting main thread and 10 client threads
[1619389899] livestatus: default stack size is 8388608
[1619389899] livestatus: setting thread stack size to 1048576
[1619389941] Nagios 4.4.6 starting... (PID=942)
[1619389941] Local time is Sun Apr 25 22:32:21 UTC 2021
[1619389941] LOG VERSION: 2.0
[1619389941] qh: Socket '/var/spool/nagios/cmd/nagios.qh' successfully initialized
[1619389941] qh: core query handler registered
[1619389941] qh: echo service query handler registered
[1619389941] qh: help for the query handler registered
[1619389941] wproc: Successfully registered manager as @wproc with query handler
[1619389941] wproc: Registry request: name=Core Worker 943;pid=943
[1619389941] wproc: Registry request: name=Core Worker 944;pid=944
[1619389941] wproc: Registry request: name=Core Worker 945;pid=945
[1619389941] wproc: Registry request: name=Core Worker 946;pid=946
[1619389941] wproc: Registry request: name=Core Worker 947;pid=947
[1619389941] wproc: Registry request: name=Core Worker 948;pid=948
[1619389941] wproc: Registry request: name=Core Worker 950;pid=950
[1619389941] wproc: Registry request: name=Core Worker 949;pid=949
[1619389941] wproc: Registry request: name=Core Worker 951;pid=951
[1619389941] wproc: Registry request: name=Core Worker 952;pid=952
[1619389941] wproc: Registry request: name=Core Worker 953;pid=953
[1619389941] wproc: Registry request: name=Core Worker 954;pid=954
[1619389941] mod_gearman: initialized version 3.3.3 (libgearman 0.33)
[1619389941] Event broker module '/usr/lib64/mod_gearman/mod_gearman_nagios4.o' initialized successfully.
[1619389941] livestatus: fl_socket_path=[/usr/lib64/nagios/rw/live], fl_mkeventd_socket_path=[/usr/lib64/nagios/rw/mkeventd/status]
[1619389941] livestatus: Livestatus 1.4.0p31 by Mathias Kettner. Socket: '/usr/lib64/nagios/rw/live'
[1619389941] livestatus: Please visit us at http://mathias-kettner.de/
[1619389941] livestatus: Hint: Please try out OMD - the Open Monitoring Distribution
[1619389941] livestatus: Please visit OMD at http://omdistro.org
[1619389941] livestatus: removed old socket file /usr/lib64/nagios/rw/live
[1619389941] livestatus: opened UNIX socket at /usr/lib64/nagios/rw/live
[1619389941] livestatus: your event_broker_options are sufficient for livestatus..
[1619389941] livestatus: finished initialization, further log messages go to /var/log/nagios/livestatus.log
[1619389941] Event broker module '/usr/lib64/check_mk/livestatus.o' initialized successfully.
[1619389944] Successfully launched command file worker with pid 955
[1619389944] livestatus: TIMEPERIOD TRANSITION: 24x7;-1;1
[1619389944] livestatus: TIMEPERIOD TRANSITION: 24x7_sans_holidays;-1;1
[1619389944] livestatus: TIMEPERIOD TRANSITION: none;-1;0
[1619389944] livestatus: TIMEPERIOD TRANSITION: us-holidays;-1;0
[1619389944] livestatus: TIMEPERIOD TRANSITION: workhours;-1;0
[1619389944] livestatus: starting main thread and 10 client threads
[1619389944] livestatus: default stack size is 8388608
[1619389944] livestatus: setting thread stack size to 1048576
[1619392916] Nagios 4.4.6 starting... (PID=64)
[1619392916] Local time is Sun Apr 25 23:21:56 UTC 2021
[1619392916] LOG VERSION: 2.0
[1619392916] qh: Socket '/var/spool/nagios/cmd/nagios.qh' successfully initialized
[1619392916] qh: core query handler registered
[1619392916] qh: echo service query handler registered
[1619392916] qh: help for the query handler registered
[1619392916] wproc: Successfully registered manager as @wproc with query handler
[1619392916] wproc: Registry request: name=Core Worker 65;pid=65
[1619392916] wproc: Registry request: name=Core Worker 66;pid=66
[1619392916] wproc: Registry request: name=Core Worker 67;pid=67
[1619392916] wproc: Registry request: name=Core Worker 68;pid=68
[1619392916] wproc: Registry request: name=Core Worker 71;pid=71
[1619392916] wproc: Registry request: name=Core Worker 75;pid=75
[1619392916] wproc: Registry request: name=Core Worker 76;pid=76
[1619392916] wproc: Registry request: name=Core Worker 70;pid=70
[1619392916] wproc: Registry request: name=Core Worker 74;pid=74
[1619392916] wproc: Registry request: name=Core Worker 72;pid=72
[1619392916] wproc: Registry request: name=Core Worker 69;pid=69
[1619392916] wproc: Registry request: name=Core Worker 73;pid=73
[1619392916] livestatus: fl_socket_path=[/usr/lib64/nagios/rw/live], fl_mkeventd_socket_path=[/usr/lib64/nagios/rw/mkeventd/status]
[1619392916] livestatus: Livestatus 1.4.0p31 by Mathias Kettner. Socket: '/usr/lib64/nagios/rw/live'
[1619392916] livestatus: Please visit us at http://mathias-kettner.de/
[1619392916] livestatus: Hint: Please try out OMD - the Open Monitoring Distribution
[1619392916] livestatus: Please visit OMD at http://omdistro.org
[1619392916] livestatus: removed old socket file /usr/lib64/nagios/rw/live
[1619392916] livestatus: opened UNIX socket at /usr/lib64/nagios/rw/live
[1619392916] livestatus: your event_broker_options are sufficient for livestatus..
[1619392916] livestatus: finished initialization, further log messages go to /var/log/nagios/livestatus.log
[1619392916] Event broker module '/usr/lib64/check_mk/livestatus.o' initialized successfully.
[1619392916] mod_gearman: initialized version 3.3.3 (libgearman 0.33)
[1619392916] Event broker module '/usr/lib64/mod_gearman/mod_gearman_nagios4.o' initialized successfully.
[1619392916] Successfully launched command file worker with pid 77
[1619392916] livestatus: TIMEPERIOD TRANSITION: 24x7;-1;1
[1619392916] livestatus: TIMEPERIOD TRANSITION: 24x7_sans_holidays;-1;1
[1619392916] livestatus: TIMEPERIOD TRANSITION: none;-1;0
[1619392916] livestatus: TIMEPERIOD TRANSITION: us-holidays;-1;0
[1619392916] livestatus: TIMEPERIOD TRANSITION: workhours;-1;0
[1619392916] livestatus: starting main thread and 10 client threads
[1619392916] livestatus: default stack size is 8388608
[1619392916] livestatus: setting thread stack size to 1048576
[1619393074] Nagios 4.4.6 starting... (PID=112)
[1619393074] Local time is Sun Apr 25 23:24:34 UTC 2021
[1619393074] LOG VERSION: 2.0
[1619393074] qh: Socket '/var/spool/nagios/cmd/nagios.qh' successfully initialized
[1619393074] qh: core query handler registered
[1619393074] qh: echo service query handler registered
[1619393074] qh: help for the query handler registered
[1619393074] wproc: Successfully registered manager as @wproc with query handler
[1619393074] wproc: Registry request: name=Core Worker 113;pid=113
[1619393074] wproc: Registry request: name=Core Worker 114;pid=114
[1619393074] wproc: Registry request: name=Core Worker 115;pid=115
[1619393074] wproc: Registry request: name=Core Worker 116;pid=116
[1619393074] wproc: Registry request: name=Core Worker 117;pid=117
[1619393074] wproc: Registry request: name=Core Worker 118;pid=118
[1619393074] wproc: Registry request: name=Core Worker 119;pid=119
[1619393074] wproc: Registry request: name=Core Worker 124;pid=124
[1619393074] wproc: Registry request: name=Core Worker 122;pid=122
[1619393074] wproc: Registry request: name=Core Worker 120;pid=120
[1619393074] wproc: Registry request: name=Core Worker 121;pid=121
[1619393074] wproc: Registry request: name=Core Worker 123;pid=123
[1619393074] livestatus: fl_socket_path=[/usr/lib64/nagios/rw/live], fl_mkeventd_socket_path=[/usr/lib64/nagios/rw/mkeventd/status]
[1619393074] livestatus: Livestatus 1.4.0p31 by Mathias Kettner. Socket: '/usr/lib64/nagios/rw/live'
[1619393074] livestatus: Please visit us at http://mathias-kettner.de/
[1619393074] livestatus: Hint: Please try out OMD - the Open Monitoring Distribution
[1619393074] livestatus: Please visit OMD at http://omdistro.org
[1619393074] livestatus: removed old socket file /usr/lib64/nagios/rw/live
[1619393074] livestatus: opened UNIX socket at /usr/lib64/nagios/rw/live
[1619393074] livestatus: your event_broker_options are sufficient for livestatus..
[1619393074] livestatus: finished initialization, further log messages go to /var/log/nagios/livestatus.log
[1619393074] Event broker module '/usr/lib64/check_mk/livestatus.o' initialized successfully.
[1619393074] mod_gearman: initialized version 3.3.3 (libgearman 0.33)
[1619393074] Event broker module '/usr/lib64/mod_gearman/mod_gearman_nagios4.o' initialized successfully.
[1619393074] Successfully launched command file worker with pid 125
[1619393074] livestatus: TIMEPERIOD TRANSITION: 24x7;-1;1
[1619393074] livestatus: TIMEPERIOD TRANSITION: 24x7_sans_holidays;-1;1
[1619393074] livestatus: TIMEPERIOD TRANSITION: none;-1;0
[1619393074] livestatus: TIMEPERIOD TRANSITION: us-holidays;-1;0
[1619393074] livestatus: TIMEPERIOD TRANSITION: workhours;-1;0
[1619393074] livestatus: starting main thread and 10 client threads
[1619393074] livestatus: default stack size is 8388608
[1619393074] livestatus: setting thread stack size to 1048576
[1619841275] Nagios 4.4.6 starting... (PID=14)
[1619841275] Local time is Sat May 01 03:54:35 UTC 2021
[1619841275] LOG VERSION: 2.0
[1619841275] qh: Socket '/var/spool/nagios/cmd/nagios.qh' successfully initialized
[1619841275] qh: core query handler registered
[1619841275] qh: echo service query handler registered
[1619841275] qh: help for the query handler registered
[1619841275] wproc: Successfully registered manager as @wproc with query handler
[1619841275] wproc: Registry request: name=Core Worker 17;pid=17
[1619841275] wproc: Registry request: name=Core Worker 15;pid=15
[1619841275] wproc: Registry request: name=Core Worker 16;pid=16
[1619841275] wproc: Registry request: name=Core Worker 19;pid=19
[1619841275] wproc: Registry request: name=Core Worker 18;pid=18
[1619841275] wproc: Registry request: name=Core Worker 25;pid=25
[1619841275] wproc: Registry request: name=Core Worker 22;pid=22
[1619841275] wproc: Registry request: name=Core Worker 23;pid=23
[1619841275] wproc: Registry request: name=Core Worker 20;pid=20
[1619841275] wproc: Registry request: name=Core Worker 24;pid=24
[1619841275] wproc: Registry request: name=Core Worker 21;pid=21
[1619841275] wproc: Registry request: name=Core Worker 26;pid=26
[1619841275] livestatus: fl_socket_path=[/usr/lib64/nagios/rw/live], fl_mkeventd_socket_path=[/usr/lib64/nagios/rw/mkeventd/status]
[1619841275] livestatus: Livestatus 1.4.0p31 by Mathias Kettner. Socket: '/usr/lib64/nagios/rw/live'
[1619841275] livestatus: Please visit us at http://mathias-kettner.de/
[1619841275] livestatus: Hint: Please try out OMD - the Open Monitoring Distribution
[1619841275] livestatus: Please visit OMD at http://omdistro.org
[1619841275] livestatus: removed old socket file /usr/lib64/nagios/rw/live
[1619841275] livestatus: opened UNIX socket at /usr/lib64/nagios/rw/live
[1619841275] livestatus: your event_broker_options are sufficient for livestatus..
[1619841275] livestatus: finished initialization, further log messages go to /var/log/nagios/livestatus.log
[1619841275] Event broker module '/usr/lib64/check_mk/livestatus.o' initialized successfully.
[1619841275] mod_gearman: initialized version 3.3.3 (libgearman 0.33)
[1619841275] Event broker module '/usr/lib64/mod_gearman/mod_gearman_nagios4.o' initialized successfully.
[1619841275] Successfully launched command file worker with pid 33
[1619841275] livestatus: TIMEPERIOD TRANSITION: 24x7;-1;1
[1619841275] livestatus: TIMEPERIOD TRANSITION: 24x7_sans_holidays;-1;1
[1619841275] livestatus: TIMEPERIOD TRANSITION: none;-1;0
[1619841275] livestatus: TIMEPERIOD TRANSITION: us-holidays;-1;0
[1619841275] livestatus: TIMEPERIOD TRANSITION: workhours;-1;0
[1619841275] livestatus: starting main thread and 10 client threads
[1619841275] livestatus: default stack size is 8388608
[1619841275] livestatus: setting thread stack size to 1048576
[1619841548] Nagios 4.4.6 starting... (PID=14)
[1619841548] Local time is Sat May 01 03:59:08 UTC 2021
[1619841548] LOG VERSION: 2.0
[1619841548] qh: Socket '/var/spool/nagios/cmd/nagios.qh' successfully initialized
[1619841548] qh: core query handler registered
[1619841548] qh: echo service query handler registered
[1619841548] qh: help for the query handler registered
[1619841548] wproc: Successfully registered manager as @wproc with query handler
[1619841548] wproc: Registry request: name=Core Worker 15;pid=15
[1619841548] wproc: Registry request: name=Core Worker 16;pid=16
[1619841548] wproc: Registry request: name=Core Worker 20;pid=20
[1619841548] wproc: Registry request: name=Core Worker 18;pid=18
[1619841548] wproc: Registry request: name=Core Worker 17;pid=17
[1619841548] wproc: Registry request: name=Core Worker 21;pid=21
[1619841548] wproc: Registry request: name=Core Worker 19;pid=19
[1619841548] wproc: Registry request: name=Core Worker 25;pid=25
[1619841548] wproc: Registry request: name=Core Worker 22;pid=22
[1619841548] wproc: Registry request: name=Core Worker 26;pid=26
[1619841548] wproc: Registry request: name=Core Worker 23;pid=23
[1619841548] wproc: Registry request: name=Core Worker 24;pid=24
[1619841548] livestatus: fl_socket_path=[/usr/lib64/nagios/rw/live], fl_mkeventd_socket_path=[/usr/lib64/nagios/rw/mkeventd/status]
[1619841548] livestatus: Livestatus 1.4.0p31 by Mathias Kettner. Socket: '/usr/lib64/nagios/rw/live'
[1619841548] livestatus: Please visit us at http://mathias-kettner.de/
[1619841548] livestatus: Hint: Please try out OMD - the Open Monitoring Distribution
[1619841548] livestatus: Please visit OMD at http://omdistro.org
[1619841548] livestatus: removed old socket file /usr/lib64/nagios/rw/live
[1619841548] livestatus: opened UNIX socket at /usr/lib64/nagios/rw/live
[1619841548] livestatus: your event_broker_options are sufficient for livestatus..
[1619841548] livestatus: finished initialization, further log messages go to /var/log/nagios/livestatus.log
[1619841548] Event broker module '/usr/lib64/check_mk/livestatus.o' initialized successfully.
[1619841548] mod_gearman: initialized version 3.3.3 (libgearman 0.33)
[1619841548] Event broker module '/usr/lib64/mod_gearman/mod_gearman_nagios4.o' initialized successfully.
[1619841549] Successfully launched command file worker with pid 33
[1619841549] livestatus: TIMEPERIOD TRANSITION: 24x7;-1;1
[1619841549] livestatus: TIMEPERIOD TRANSITION: 24x7_sans_holidays;-1;1
[1619841549] livestatus: TIMEPERIOD TRANSITION: none;-1;0
[1619841549] livestatus: TIMEPERIOD TRANSITION: us-holidays;-1;0
[1619841549] livestatus: TIMEPERIOD TRANSITION: workhours;-1;0
[1619841549] livestatus: starting main thread and 10 client threads
[1619841549] livestatus: default stack size is 8388608
[1619841549] livestatus: setting thread stack size to 1048576
[1619841857] Nagios 4.4.6 starting... (PID=19)
[1619841857] Local time is Sat May 01 04:04:17 UTC 2021
[1619841857] LOG VERSION: 2.0
[1619841857] qh: Socket '/var/spool/nagios/cmd/nagios.qh' successfully initialized
[1619841857] qh: core query handler registered
[1619841857] qh: echo service query handler registered
[1619841857] qh: help for the query handler registered
[1619841857] wproc: Successfully registered manager as @wproc with query handler
[1619841857] wproc: Registry request: name=Core Worker 25;pid=25
[1619841857] wproc: Registry request: name=Core Worker 24;pid=24
[1619841857] wproc: Registry request: name=Core Worker 21;pid=21
[1619841857] wproc: Registry request: name=Core Worker 23;pid=23
[1619841857] wproc: Registry request: name=Core Worker 22;pid=22
[1619841857] wproc: Registry request: name=Core Worker 26;pid=26
[1619841857] wproc: Registry request: name=Core Worker 29;pid=29
[1619841857] wproc: Registry request: name=Core Worker 30;pid=30
[1619841857] wproc: Registry request: name=Core Worker 28;pid=28
[1619841857] wproc: Registry request: name=Core Worker 31;pid=31
[1619841857] wproc: Registry request: name=Core Worker 27;pid=27
[1619841857] wproc: Registry request: name=Core Worker 20;pid=20
[1619841857] livestatus: fl_socket_path=[/usr/lib64/nagios/rw/live], fl_mkeventd_socket_path=[/usr/lib64/nagios/rw/mkeventd/status]
[1619841857] livestatus: Livestatus 1.4.0p31 by Mathias Kettner. Socket: '/usr/lib64/nagios/rw/live'
[1619841857] livestatus: Please visit us at http://mathias-kettner.de/
[1619841857] livestatus: Hint: Please try out OMD - the Open Monitoring Distribution
[1619841857] livestatus: Please visit OMD at http://omdistro.org
[1619841857] livestatus: removed old socket file /usr/lib64/nagios/rw/live
[1619841857] livestatus: opened UNIX socket at /usr/lib64/nagios/rw/live
[1619841857] livestatus: your event_broker_options are sufficient for livestatus..
[1619841857] livestatus: finished initialization, further log messages go to /var/log/nagios/livestatus.log
[1619841857] Event broker module '/usr/lib64/check_mk/livestatus.o' initialized successfully.
[1619841857] mod_gearman: initialized version 3.3.3 (libgearman 0.33)
[1619841857] Event broker module '/usr/lib64/mod_gearman/mod_gearman_nagios4.o' initialized successfully.
[1619841857] Successfully launched command file worker with pid 33
[1619841857] livestatus: TIMEPERIOD TRANSITION: 24x7;-1;1
[1619841857] livestatus: TIMEPERIOD TRANSITION: 24x7_sans_holidays;-1;1
[1619841857] livestatus: TIMEPERIOD TRANSITION: none;-1;0
[1619841857] livestatus: TIMEPERIOD TRANSITION: us-holidays;-1;0
[1619841857] livestatus: TIMEPERIOD TRANSITION: workhours;-1;0
[1619841857] livestatus: starting main thread and 10 client threads
[1619841857] livestatus: default stack size is 8388608
[1619841857] livestatus: setting thread stack size to 1048576
[1619885351] Nagios 4.4.6 starting... (PID=15)
[1619885351] Local time is Sat May 01 16:09:11 UTC 2021
[1619885351] LOG VERSION: 2.0
[1619885351] qh: Socket '/var/spool/nagios/cmd/nagios.qh' successfully initialized
[1619885351] qh: core query handler registered
[1619885351] qh: echo service query handler registered
[1619885351] qh: help for the query handler registered
[1619885351] wproc: Successfully registered manager as @wproc with query handler
[1619885351] wproc: Registry request: name=Core Worker 19;pid=19
[1619885351] wproc: Registry request: name=Core Worker 16;pid=16
[1619885351] wproc: Registry request: name=Core Worker 17;pid=17
[1619885351] wproc: Registry request: name=Core Worker 18;pid=18
[1619885351] wproc: Registry request: name=Core Worker 22;pid=22
[1619885351] wproc: Registry request: name=Core Worker 20;pid=20
[1619885351] wproc: Registry request: name=Core Worker 21;pid=21
[1619885351] wproc: Registry request: name=Core Worker 24;pid=24
[1619885351] wproc: Registry request: name=Core Worker 25;pid=25
[1619885351] wproc: Registry request: name=Core Worker 23;pid=23
[1619885351] wproc: Registry request: name=Core Worker 26;pid=26
[1619885351] wproc: Registry request: name=Core Worker 27;pid=27
[1619885351] livestatus: fl_socket_path=[/usr/lib64/nagios/rw/live], fl_mkeventd_socket_path=[/usr/lib64/nagios/rw/mkeventd/status]
[1619885351] livestatus: Livestatus 1.4.0p31 by Mathias Kettner. Socket: '/usr/lib64/nagios/rw/live'
[1619885351] livestatus: Please visit us at http://mathias-kettner.de/
[1619885351] livestatus: Hint: Please try out OMD - the Open Monitoring Distribution
[1619885351] livestatus: Please visit OMD at http://omdistro.org
[1619885351] livestatus: removed old socket file /usr/lib64/nagios/rw/live
[1619885351] livestatus: opened UNIX socket at /usr/lib64/nagios/rw/live
[1619885351] livestatus: your event_broker_options are sufficient for livestatus..
[1619885351] livestatus: finished initialization, further log messages go to /var/log/nagios/livestatus.log
[1619885351] Event broker module '/usr/lib64/check_mk/livestatus.o' initialized successfully.
[1619885351] mod_gearman: initialized version 3.3.3 (libgearman 0.33)
[1619885351] Event broker module '/usr/lib64/mod_gearman/mod_gearman_nagios4.o' initialized successfully.
[1619885356] Successfully launched command file worker with pid 34
[1619885356] livestatus: TIMEPERIOD TRANSITION: 24x7;-1;1
[1619885356] livestatus: TIMEPERIOD TRANSITION: 24x7_sans_holidays;-1;1
[1619885356] livestatus: TIMEPERIOD TRANSITION: none;-1;0
[1619885356] livestatus: TIMEPERIOD TRANSITION: us-holidays;-1;0
[1619885356] livestatus: TIMEPERIOD TRANSITION: workhours;-1;0
[1619885356] livestatus: starting main thread and 10 client threads
[1619885356] livestatus: default stack size is 8388608
[1619885356] livestatus: setting thread stack size to 1048576
[1619886011] Warning: The check of host 'localhost' looks like it was orphaned (results never came back).  I'm scheduling an immediate check of the host...
[1619886020] HOST ALERT: localhost;DOWN;SOFT;1;(host check orphaned, is the mod-gearman worker on queue 'host' running?)
[1619886070] Warning: The check of service 'Current Load' on host 'localhost' looks like it was orphaned (results never came back; last_check=0; next_check=1619885388).  I'm scheduling an immediate check of the service...
[1619886071] SERVICE ALERT: localhost;Current Load;CRITICAL;HARD;1;(service check orphaned, is the mod-gearman worker on queue 'service' running?)
[1619886131] Warning: The check of service 'Current Users' on host 'localhost' looks like it was orphaned (results never came back; last_check=0; next_check=1619885426).  I'm scheduling an immediate check of the service...
[1619886140] SERVICE ALERT: localhost;Current Users;CRITICAL;HARD;1;(service check orphaned, is the mod-gearman worker on queue 'service' running?)
[1619886191] Warning: The check of service 'HTTP' on host 'localhost' looks like it was orphaned (results never came back; last_check=0; next_check=1619885463).  I'm scheduling an immediate check of the service...
[1619886191] Warning: The check of service 'PING' on host 'localhost' looks like it was orphaned (results never came back; last_check=0; next_check=1619885501).  I'm scheduling an immediate check of the service...
[1619886200] SERVICE ALERT: localhost;PING;CRITICAL;HARD;1;(service check orphaned, is the mod-gearman worker on queue 'service' running?)
[1619886200] SERVICE ALERT: localhost;HTTP;CRITICAL;HARD;1;(service check orphaned, is the mod-gearman worker on queue 'service' running?)
[1619886251] Warning: The check of service 'Root Partition' on host 'localhost' looks like it was orphaned (results never came back; last_check=0; next_check=1619885538).  I'm scheduling an immediate check of the service...
[1619886251] Warning: The check of service 'SSH' on host 'localhost' looks like it was orphaned (results never came back; last_check=0; next_check=1619885576).  I'm scheduling an immediate check of the service...
[1619886260] SERVICE ALERT: localhost;SSH;CRITICAL;HARD;1;(service check orphaned, is the mod-gearman worker on queue 'service' running?)
[1619886260] SERVICE ALERT: localhost;Root Partition;CRITICAL;HARD;1;(service check orphaned, is the mod-gearman worker on queue 'service' running?)
[1619886311] Warning: The check of service 'Swap Usage' on host 'localhost' looks like it was orphaned (results never came back; last_check=0; next_check=1619885613).  I'm scheduling an immediate check of the service...
[1619886320] SERVICE ALERT: localhost;Swap Usage;CRITICAL;HARD;1;(service check orphaned, is the mod-gearman worker on queue 'service' running?)
[1619886371] Warning: The check of service 'Total Processes' on host 'localhost' looks like it was orphaned (results never came back; last_check=0; next_check=1619885651).  I'm scheduling an immediate check of the service...
[1619886381] SERVICE ALERT: localhost;Total Processes;CRITICAL;HARD;1;(service check orphaned, is the mod-gearman worker on queue 'service' running?)
[1619886731] Warning: The check of host 'localhost' looks like it was orphaned (results never came back).  I'm scheduling an immediate check of the host...
[1619886741] HOST ALERT: localhost;DOWN;SOFT;2;(host check orphaned, is the mod-gearman worker on queue 'host' running?)
[1619887091] Warning: The check of service 'Current Load' on host 'localhost' looks like it was orphaned (results never came back; last_check=1619886070; next_check=1619886370).  I'm scheduling an immediate check of the service...
[1619887151] Warning: The check of service 'Current Users' on host 'localhost' looks like it was orphaned (results never came back; last_check=1619886131; next_check=1619886431).  I'm scheduling an immediate check of the service...
[1619887211] Warning: The check of service 'HTTP' on host 'localhost' looks like it was orphaned (results never came back; last_check=1619886191; next_check=1619886491).  I'm scheduling an immediate check of the service...
[1619887211] Warning: The check of service 'PING' on host 'localhost' looks like it was orphaned (results never came back; last_check=1619886191; next_check=1619886491).  I'm scheduling an immediate check of the service...
[1619887271] Warning: The check of service 'Root Partition' on host 'localhost' looks like it was orphaned (results never came back; last_check=1619886251; next_check=1619886551).  I'm scheduling an immediate check of the service...
[1619887271] Warning: The check of service 'SSH' on host 'localhost' looks like it was orphaned (results never came back; last_check=1619886251; next_check=1619886551).  I'm scheduling an immediate check of the service...
[1619887331] Warning: The check of service 'Swap Usage' on host 'localhost' looks like it was orphaned (results never came back; last_check=1619886311; next_check=1619886611).  I'm scheduling an immediate check of the service...
[1619887391] Warning: The check of service 'Total Processes' on host 'localhost' looks like it was orphaned (results never came back; last_check=1619886371; next_check=1619886671).  I'm scheduling an immediate check of the service...
[1619888181] SERVICE ALERT: localhost;PING;OK;HARD;4;PING OK - Packet loss = 0%, RTA = 0.06 ms
[1619888181] HOST ALERT: localhost;UP;SOFT;1;PING OK - Packet loss = 0%, RTA = 0.08 ms
[1619888181] SERVICE ALERT: localhost;Total Processes;OK;SOFT;1;PROCS OK: 14 processes with STATE = RSZDT
[1619888181] SERVICE ALERT: localhost;Swap Usage;OK;SOFT;1;SWAP OK - 100% free (2047 MB out of 2047 MB)
[1619888181] SERVICE ALERT: localhost;Current Load;OK;SOFT;1;OK - load average: 0.69, 0.41, 0.38
[1619888181] SERVICE ALERT: localhost;Root Partition;OK;SOFT;1;DISK OK - free space: / 311254 MiB (34.98% inode=99%):
[1619888181] SERVICE ALERT: localhost;Current Users;OK;SOFT;1;USERS OK - 0 users currently logged in
[1619889156] Nagios 4.4.6 starting... (PID=14)
[1619889156] Local time is Sat May 01 17:12:36 UTC 2021
[1619889156] LOG VERSION: 2.0
[1619889156] qh: Socket '/var/spool/nagios/cmd/nagios.qh' successfully initialized
[1619889156] qh: core query handler registered
[1619889156] qh: echo service query handler registered
[1619889156] qh: help for the query handler registered
[1619889156] wproc: Successfully registered manager as @wproc with query handler
[1619889156] wproc: Registry request: name=Core Worker 16;pid=16
[1619889156] wproc: Registry request: name=Core Worker 15;pid=15
[1619889156] wproc: Registry request: name=Core Worker 17;pid=17
[1619889156] wproc: Registry request: name=Core Worker 18;pid=18
[1619889156] wproc: Registry request: name=Core Worker 23;pid=23
[1619889156] wproc: Registry request: name=Core Worker 24;pid=24
[1619889156] wproc: Registry request: name=Core Worker 25;pid=25
[1619889156] wproc: Registry request: name=Core Worker 20;pid=20
[1619889156] wproc: Registry request: name=Core Worker 19;pid=19
[1619889156] wproc: Registry request: name=Core Worker 22;pid=22
[1619889156] wproc: Registry request: name=Core Worker 21;pid=21
[1619889156] wproc: Registry request: name=Core Worker 26;pid=26
[1619889156] livestatus: fl_socket_path=[/usr/lib64/nagios/rw/live], fl_mkeventd_socket_path=[/usr/lib64/nagios/rw/mkeventd/status]
[1619889156] livestatus: Livestatus 1.4.0p31 by Mathias Kettner. Socket: '/usr/lib64/nagios/rw/live'
[1619889156] livestatus: Please visit us at http://mathias-kettner.de/
[1619889156] livestatus: Hint: Please try out OMD - the Open Monitoring Distribution
[1619889156] livestatus: Please visit OMD at http://omdistro.org
[1619889156] livestatus: removed old socket file /usr/lib64/nagios/rw/live
[1619889156] livestatus: opened UNIX socket at /usr/lib64/nagios/rw/live
[1619889156] livestatus: your event_broker_options are sufficient for livestatus..
[1619889156] livestatus: finished initialization, further log messages go to /var/log/nagios/livestatus.log
[1619889156] Event broker module '/usr/lib64/check_mk/livestatus.o' initialized successfully.
[1619889156] mod_gearman: initialized version 3.3.3 (libgearman 0.33)
[1619889156] Event broker module '/usr/lib64/mod_gearman/mod_gearman_nagios4.o' initialized successfully.
[1619889157] Successfully launched command file worker with pid 33
[1619889157] livestatus: TIMEPERIOD TRANSITION: 24x7;-1;1
[1619889157] livestatus: TIMEPERIOD TRANSITION: 24x7_sans_holidays;-1;1
[1619889157] livestatus: TIMEPERIOD TRANSITION: none;-1;0
[1619889157] livestatus: TIMEPERIOD TRANSITION: us-holidays;-1;0
[1619889157] livestatus: TIMEPERIOD TRANSITION: workhours;-1;0
[1619889157] livestatus: starting main thread and 10 client threads
[1619889157] livestatus: default stack size is 8388608
[1619889157] livestatus: setting thread stack size to 1048576
[1619889277] SERVICE ALERT: localhost;HTTP;CRITICAL;SOFT;1;connect to address 127.0.0.1 and port 80: Connection refused
[1619889346] SERVICE ALERT: localhost;HTTP;CRITICAL;SOFT;2;connect to address 127.0.0.1 and port 80: Connection refused
[1619889386] SERVICE ALERT: localhost;SSH;CRITICAL;SOFT;1;connect to address 127.0.0.1 and port 22: Connection refused
[1619889406] SERVICE ALERT: localhost;HTTP;CRITICAL;SOFT;3;connect to address 127.0.0.1 and port 80: Connection refused
[1619889446] SERVICE ALERT: localhost;SSH;CRITICAL;SOFT;2;connect to address 127.0.0.1 and port 22: Connection refused
[1619889467] SERVICE ALERT: localhost;HTTP;CRITICAL;HARD;4;connect to address 127.0.0.1 and port 80: Connection refused
[1619889506] SERVICE ALERT: localhost;SSH;CRITICAL;SOFT;3;connect to address 127.0.0.1 and port 22: Connection refused
[1619889566] SERVICE ALERT: localhost;SSH;CRITICAL;HARD;4;connect to address 127.0.0.1 and port 22: Connection refused
[1619915805] Nagios 4.4.6 starting... (PID=14)
[1619915805] Local time is Sun May 02 00:36:45 UTC 2021
[1619915805] LOG VERSION: 2.0
[1619915805] qh: Socket '/var/spool/nagios/cmd/nagios.qh' successfully initialized
[1619915805] qh: core query handler registered
[1619915805] qh: echo service query handler registered
[1619915805] qh: help for the query handler registered
[1619915805] wproc: Successfully registered manager as @wproc with query handler
[1619915805] wproc: Registry request: name=Core Worker 16;pid=16
[1619915805] wproc: Registry request: name=Core Worker 15;pid=15
[1619915805] wproc: Registry request: name=Core Worker 18;pid=18
[1619915805] wproc: Registry request: name=Core Worker 19;pid=19
[1619915805] wproc: Registry request: name=Core Worker 17;pid=17
[1619915805] wproc: Registry request: name=Core Worker 25;pid=25
[1619915805] wproc: Registry request: name=Core Worker 22;pid=22
[1619915805] wproc: Registry request: name=Core Worker 21;pid=21
[1619915805] wproc: Registry request: name=Core Worker 20;pid=20
[1619915805] wproc: Registry request: name=Core Worker 26;pid=26
[1619915805] wproc: Registry request: name=Core Worker 23;pid=23
[1619915805] wproc: Registry request: name=Core Worker 24;pid=24
[1619915805] livestatus: fl_socket_path=[/usr/lib64/nagios/rw/live], fl_mkeventd_socket_path=[/usr/lib64/nagios/rw/mkeventd/status]
[1619915805] livestatus: Livestatus 1.4.0p31 by Mathias Kettner. Socket: '/usr/lib64/nagios/rw/live'
[1619915805] livestatus: Please visit us at http://mathias-kettner.de/
[1619915805] livestatus: Hint: Please try out OMD - the Open Monitoring Distribution
[1619915805] livestatus: Please visit OMD at http://omdistro.org
[1619915805] livestatus: removed old socket file /usr/lib64/nagios/rw/live
[1619915805] livestatus: opened UNIX socket at /usr/lib64/nagios/rw/live
[1619915805] livestatus: your event_broker_options are sufficient for livestatus..
[1619915805] livestatus: finished initialization, further log messages go to /var/log/nagios/livestatus.log
[1619915805] Event broker module '/usr/lib64/check_mk/livestatus.o' initialized successfully.
[1619915805] mod_gearman: initialized version 3.3.3 (libgearman 0.33)
[1619915805] Event broker module '/usr/lib64/mod_gearman/mod_gearman_nagios4.o' initialized successfully.
[1619915810] Successfully launched command file worker with pid 33
[1619915810] livestatus: TIMEPERIOD TRANSITION: 24x7;-1;1
[1619915810] livestatus: TIMEPERIOD TRANSITION: 24x7_sans_holidays;-1;1
[1619915810] livestatus: TIMEPERIOD TRANSITION: none;-1;0
[1619915810] livestatus: TIMEPERIOD TRANSITION: us-holidays;-1;0
[1619915810] livestatus: TIMEPERIOD TRANSITION: workhours;-1;0
[1619915810] livestatus: starting main thread and 10 client threads
[1619915810] livestatus: default stack size is 8388608
[1619915810] livestatus: setting thread stack size to 1048576
[1619915925] SERVICE ALERT: localhost;HTTP;CRITICAL;SOFT;1;connect to address 127.0.0.1 and port 80: Connection refused
[1619915994] SERVICE ALERT: localhost;HTTP;CRITICAL;SOFT;2;connect to address 127.0.0.1 and port 80: Connection refused
[1619916034] SERVICE ALERT: localhost;SSH;CRITICAL;SOFT;1;connect to address 127.0.0.1 and port 22: Connection refused
[1619916054] SERVICE ALERT: localhost;HTTP;CRITICAL;SOFT;3;connect to address 127.0.0.1 and port 80: Connection refused
[1619916094] SERVICE ALERT: localhost;SSH;CRITICAL;SOFT;2;connect to address 127.0.0.1 and port 22: Connection refused
[1619916115] SERVICE ALERT: localhost;HTTP;CRITICAL;HARD;4;connect to address 127.0.0.1 and port 80: Connection refused
[1619916154] SERVICE ALERT: localhost;SSH;CRITICAL;SOFT;3;connect to address 127.0.0.1 and port 22: Connection refused
[1619916214] SERVICE ALERT: localhost;SSH;CRITICAL;HARD;4;connect to address 127.0.0.1 and port 22: Connection refused
